<?xml version="1.0" encoding="UTF-8"?>
<!-- Generated by org.testng.reporters.JUnitReportReporter -->
<testsuite hostname="DESKTOP-KKJRBSE" failures="0" tests="1" name="testCases.TC_LoginTest" time="2.090" errors="0" timestamp="2024-11-15T18:52:40 IST" skipped="0">
  <testcase classname="testCases.TC_LoginTest" name="verifyLogin" time="2.090"/>
</testsuite> <!-- testCases.TC_LoginTest -->
