<?xml version="1.0" encoding="UTF-8"?>
<!-- Generated by org.testng.reporters.JUnitReportReporter -->
<testsuite hostname="DESKTOP-KKJRBSE" failures="0" tests="1" name="testCases.TC_Registractiontest" time="5.979" errors="0" timestamp="2024-11-20T12:58:54 IST" skipped="0">
  <testcase classname="testCases.TC_Registractiontest" name="verify_registraction" time="5.979"/>
</testsuite> <!-- testCases.TC_Registractiontest -->
