<?xml version="1.0" encoding="UTF-8"?>
<!-- Generated by org.testng.reporters.JUnitReportReporter -->
<testsuite hostname="DESKTOP-KKJRBSE" failures="0" tests="1" name="testCases.TC_LoginTest" time="5.196" errors="0" timestamp="2024-11-20T12:58:54 IST" skipped="0">
  <testcase classname="testCases.TC_LoginTest" name="verifyLogin" time="5.196"/>
</testsuite> <!-- testCases.TC_LoginTest -->
